17:15:22.070 [main] INFO  testCases.TC_001_LoginTest - application logs....
17:15:40.249 [main] INFO  testCases.TC_002_ForgotPasswordLinkTest - **Clicked on forgot link**
17:15:42.356 [main] INFO  testCases.TC_002_ForgotPasswordLinkTest - **Providing username**
17:15:42.408 [main] INFO  testCases.TC_002_ForgotPasswordLinkTest - **Clicked on reset password button**
17:15:47.020 [main] INFO  testCases.TC_002_ForgotPasswordLinkTest - **Clicked on cancel button**
17:18:08.957 [main] INFO  testCases.TC_001_LoginTest - application logs....
17:18:28.087 [main] INFO  testCases.TC_002_ForgotPasswordLinkTest - **Clicked on forgot link**
17:18:30.234 [main] INFO  testCases.TC_002_ForgotPasswordLinkTest - **Providing username**
17:18:31.641 [main] INFO  testCases.TC_002_ForgotPasswordLinkTest - **Clicked on reset password button**
17:18:35.271 [main] INFO  testCases.TC_002_ForgotPasswordLinkTest - **Clicked on cancel button**
17:19:43.816 [main] INFO  testCases.TC_001_LoginTest - application logs....
17:20:09.524 [main] INFO  testCases.TC_002_ForgotPasswordLinkTest - **Clicked on forgot link**
17:20:11.617 [main] INFO  testCases.TC_002_ForgotPasswordLinkTest - **Providing username**
17:20:12.765 [main] INFO  testCases.TC_002_ForgotPasswordLinkTest - **Clicked on reset password button**
17:20:16.436 [main] INFO  testCases.TC_002_ForgotPasswordLinkTest - **Clicked on cancel button**
17:23:47.288 [main] INFO  testCases.TC_001_LoginTest - application logs....
17:24:13.899 [main] INFO  testCases.TC_002_ForgotPasswordLinkTest - **Clicked on forgot link**
17:24:15.987 [main] INFO  testCases.TC_002_ForgotPasswordLinkTest - **Providing username**
17:24:16.031 [main] INFO  testCases.TC_002_ForgotPasswordLinkTest - **Clicked on reset password button**
17:24:21.475 [main] INFO  testCases.TC_002_ForgotPasswordLinkTest - **Clicked on cancel button**
17:26:40.903 [main] INFO  testCases.TC_001_LoginTest - application logs....
17:27:29.333 [main] INFO  testCases.TC_002_ForgotPasswordLinkTest - **Clicked on forgot link**
17:27:31.461 [main] INFO  testCases.TC_002_ForgotPasswordLinkTest - **Providing username**
17:27:31.548 [main] INFO  testCases.TC_002_ForgotPasswordLinkTest - **Clicked on reset password button**
17:27:39.998 [main] INFO  testCases.TC_002_ForgotPasswordLinkTest - **Clicked on cancel button**
17:30:27.714 [main] INFO  testCases.TC_001_LoginTest - application logs....
17:30:53.339 [main] INFO  testCases.TC_002_ForgotPasswordLinkTest - **Clicked on forgot link**
17:30:55.518 [main] INFO  testCases.TC_002_ForgotPasswordLinkTest - **Providing username**
17:30:56.724 [main] INFO  testCases.TC_002_ForgotPasswordLinkTest - **Clicked on reset password button**
17:31:00.531 [main] INFO  testCases.TC_002_ForgotPasswordLinkTest - **Clicked on cancel button**
17:36:29.031 [main] INFO  testCases.TC_002_ForgotPasswordLinkTest - **Clicked on forgot link**
17:36:31.156 [main] INFO  testCases.TC_002_ForgotPasswordLinkTest - **Providing username**
17:36:31.206 [main] INFO  testCases.TC_002_ForgotPasswordLinkTest - **Clicked on reset password button**
17:36:36.182 [main] INFO  testCases.TC_002_ForgotPasswordLinkTest - **Clicked on cancel button**
19:03:05.014 [main] INFO  testCases.TC_003_LoginDDT - *****Starting TC_003_LoginTest*****
19:03:05.041 [main] INFO  testCases.TC_003_LoginDDT - **Providing Login Data**
19:03:05.049 [main] INFO  testCases.TC_003_LoginDDT - *****Starting TC_003_LoginTest*****
19:03:05.050 [main] INFO  testCases.TC_003_LoginDDT - **Providing Login Data**
19:03:05.052 [main] INFO  testCases.TC_003_LoginDDT - *****Starting TC_003_LoginTest*****
19:03:05.053 [main] INFO  testCases.TC_003_LoginDDT - **Providing Login Data**
19:03:05.055 [main] INFO  testCases.TC_003_LoginDDT - *****Starting TC_003_LoginTest*****
19:03:05.056 [main] INFO  testCases.TC_003_LoginDDT - **Providing Login Data**
19:51:56.226 [main] INFO  testCases.TC_002_ForgotPasswordLinkTest - **Clicked on forgot link**
19:51:58.385 [main] INFO  testCases.TC_002_ForgotPasswordLinkTest - **Providing username**
19:51:59.491 [main] INFO  testCases.TC_002_ForgotPasswordLinkTest - **Clicked on reset password button**
19:52:03.662 [main] INFO  testCases.TC_002_ForgotPasswordLinkTest - **Clicked on cancel button**
20:08:02.093 [main] INFO  testCases.TC_001_LoginTest - application logs....
23:02:40.249 [main] INFO  testCases.TC_003_LoginDDT - *****Starting TC_003_LoginTest*****
23:02:40.274 [main] INFO  testCases.TC_003_LoginDDT - **Providing Login Data**
23:03:02.371 [main] INFO  testCases.TC_003_LoginDDT - *****Finished TC_003_LoginDDT*****
23:03:02.405 [main] INFO  testCases.TC_003_LoginDDT - *****Starting TC_003_LoginTest*****
23:03:02.405 [main] INFO  testCases.TC_003_LoginDDT - **Providing Login Data**
23:03:16.075 [main] INFO  testCases.TC_003_LoginDDT - *****Finished TC_003_LoginDDT*****
13:08:33.511 [main] INFO  testCases.TC_001_LoginTest - application logs....
13:08:43.965 [main] INFO  testCases.TC_002_ForgotPasswordLinkTest - **Clicked on forgot link**
13:08:46.071 [main] INFO  testCases.TC_002_ForgotPasswordLinkTest - **Providing username**
13:08:46.978 [main] INFO  testCases.TC_002_ForgotPasswordLinkTest - **Clicked on reset password button**
13:08:50.749 [main] INFO  testCases.TC_002_ForgotPasswordLinkTest - **Clicked on cancel button**
13:09:19.802 [main] INFO  testCases.TC_003_LoginDDT - *****Starting TC_003_LoginTest*****
13:09:19.827 [main] INFO  testCases.TC_003_LoginDDT - **Providing Login Data**
13:09:33.543 [main] INFO  testCases.TC_003_LoginDDT - *****Finished TC_003_LoginDDT*****
13:09:33.573 [main] INFO  testCases.TC_003_LoginDDT - *****Starting TC_003_LoginTest*****
13:09:33.574 [main] INFO  testCases.TC_003_LoginDDT - **Providing Login Data**
13:09:44.794 [main] INFO  testCases.TC_003_LoginDDT - *****Finished TC_003_LoginDDT*****
13:26:54.609 [main] INFO  testCases.TC_003_LoginDDT - *****Starting TC_003_LoginTest*****
13:26:54.649 [main] INFO  testCases.TC_003_LoginDDT - **Providing Login Data**
13:27:08.189 [main] INFO  testCases.TC_003_LoginDDT - *****Finished TC_003_LoginDDT*****
13:27:08.211 [main] INFO  testCases.TC_003_LoginDDT - *****Starting TC_003_LoginTest*****
13:27:08.211 [main] INFO  testCases.TC_003_LoginDDT - **Providing Login Data**
13:27:19.828 [main] INFO  testCases.TC_003_LoginDDT - *****Finished TC_003_LoginDDT*****
13:28:52.784 [main] INFO  testCases.TC_003_LoginDDT - *****Starting TC_003_LoginTest*****
13:28:52.824 [main] INFO  testCases.TC_003_LoginDDT - **Providing Login Data**
13:29:06.800 [main] INFO  testCases.TC_003_LoginDDT - *****Finished TC_003_LoginDDT*****
13:29:06.840 [main] INFO  testCases.TC_003_LoginDDT - *****Starting TC_003_LoginTest*****
13:29:06.840 [main] INFO  testCases.TC_003_LoginDDT - **Providing Login Data**
13:29:18.342 [main] INFO  testCases.TC_003_LoginDDT - *****Finished TC_003_LoginDDT*****
14:01:59.808 [main] INFO  testCases.TC_001_LoginTest - application logs....
14:02:52.593 [main] INFO  testCases.TC_001_LoginTest - application logs....
14:08:40.315 [main] INFO  testCases.TC_001_LoginTest - application logs....
14:11:07.286 [main] INFO  testCases.TC_001_LoginTest - application logs....
14:12:53.887 [main] INFO  testCases.TC_001_LoginTest - application logs....
14:25:38.158 [main] INFO  testCases.TC_001_LoginTest - application logs....
14:28:27.879 [main] INFO  testCases.TC_001_LoginTest - application logs....
14:29:22.714 [main] INFO  testCases.TC_001_LoginTest - application logs....
14:34:27.940 [main] INFO  testCases.TC_001_LoginTest - application logs....
14:36:25.104 [main] INFO  testCases.TC_001_LoginTest - application logs....
